# JRE version: OpenJDK Runtime Environment (11.0.13) (build 11.0.13+0-b1751.21-8125866)
# Java VM: OpenJDK 64-Bit Server VM (11.0.13+0-b1751.21-8125866, mixed mode, tiered, compressed oops, g1 gc, windows-amd64)
Heap:
 garbage-first heap   total 348160K, used 243005K [0x0000000080000000, 0x0000000100000000)
  region size 1024K, 8 young (8192K), 2 survivors (2048K)
 Metaspace       used 139114K, capacity 142311K, committed 142448K, reserved 1173504K
  class space    used 17275K, capacity 18533K, committed 18624K, reserved 1048576K
GC Heap History (20 events):
Event: 42.591 GC heap before
{Heap before GC invocations=76 (full 0):
 garbage-first heap   total 348160K, used 232411K [0x0000000080000000, 0x0000000100000000)
  region size 1024K, 99 young (101376K), 1 survivors (1024K)
 Metaspace       used 125854K, capacity 128511K, committed 128624K, reserved 1161216K
  class space    used 15543K, capacity 16528K, committed 16576K, reserved 1048576K
}
Event: 42.600 GC heap after
{Heap after GC invocations=77 (full 0):
 garbage-first heap   total 348160K, used 140415K [0x0000000080000000, 0x0000000100000000)
  region size 1024K, 9 young (9216K), 9 survivors (9216K)
 Metaspace       used 125854K, capacity 128511K, committed 128624K, reserved 1161216K
  class space    used 15543K, capacity 16528K, committed 16576K, reserved 1048576K
}
Event: 44.070 GC heap before
{Heap before GC invocations=77 (full 0):
 garbage-first heap   total 348160K, used 244863K [0x0000000080000000, 0x0000000100000000)
  region size 1024K, 112 young (114688K), 9 survivors (9216K)
 Metaspace       used 126185K, capacity 128923K, committed 129264K, reserved 1161216K
  class space    used 15582K, capacity 16614K, committed 16704K, reserved 1048576K
}
Event: 44.085 GC heap after
{Heap after GC invocations=78 (full 0):
 garbage-first heap   total 348160K, used 150978K [0x0000000080000000, 0x0000000100000000)
  region size 1024K, 13 young (13312K), 13 survivors (13312K)
 Metaspace       used 126185K, capacity 128923K, committed 129264K, reserved 1161216K
  class space    used 15582K, capacity 16614K, committed 16704K, reserved 1048576K
}
Event: 45.094 GC heap before
{Heap before GC invocations=78 (full 0):
 garbage-first heap   total 348160K, used 261570K [0x0000000080000000, 0x0000000100000000)
  region size 1024K, 123 young (125952K), 13 survivors (13312K)
 Metaspace       used 127240K, capacity 130075K, committed 130160K, reserved 1163264K
  class space    used 15716K, capacity 16778K, committed 16832K, reserved 1048576K
}
Event: 45.119 GC heap after
{Heap after GC invocations=79 (full 0):
 garbage-first heap   total 348160K, used 161416K [0x0000000080000000, 0x0000000100000000)
  region size 1024K, 16 young (16384K), 16 survivors (16384K)
 Metaspace       used 127240K, capacity 130075K, committed 130160K, reserved 1163264K
  class space    used 15716K, capacity 16778K, committed 16832K, reserved 1048576K
}
Event: 46.716 GC heap before
{Heap before GC invocations=79 (full 0):
 garbage-first heap   total 348160K, used 263816K [0x0000000080000000, 0x0000000100000000)
  region size 1024K, 117 young (119808K), 16 survivors (16384K)
 Metaspace       used 130651K, capacity 133584K, committed 133744K, reserved 1165312K
  class space    used 16139K, capacity 17246K, committed 17344K, reserved 1048576K
}
Event: 46.757 GC heap after
{Heap after GC invocations=80 (full 0):
 garbage-first heap   total 348160K, used 178493K [0x0000000080000000, 0x0000000100000000)
  region size 1024K, 15 young (15360K), 15 survivors (15360K)
 Metaspace       used 130651K, capacity 133584K, committed 133744K, reserved 1165312K
  class space    used 16139K, capacity 17246K, committed 17344K, reserved 1048576K
}
Event: 47.377 GC heap before
{Heap before GC invocations=80 (full 0):
 garbage-first heap   total 348160K, used 265533K [0x0000000080000000, 0x0000000100000000)
  region size 1024K, 101 young (103424K), 15 survivors (15360K)
 Metaspace       used 132034K, capacity 134965K, committed 135152K, reserved 1167360K
  class space    used 16343K, capacity 17448K, committed 17472K, reserved 1048576K
}
Event: 47.414 GC heap after
{Heap after GC invocations=81 (full 0):
 garbage-first heap   total 348160K, used 190976K [0x0000000080000000, 0x0000000100000000)
  region size 1024K, 13 young (13312K), 13 survivors (13312K)
 Metaspace       used 132034K, capacity 134965K, committed 135152K, reserved 1167360K
  class space    used 16343K, capacity 17448K, committed 17472K, reserved 1048576K
}
Event: 49.066 GC heap before
{Heap before GC invocations=81 (full 0):
 garbage-first heap   total 348160K, used 269824K [0x0000000080000000, 0x0000000100000000)
  region size 1024K, 91 young (93184K), 13 survivors (13312K)
 Metaspace       used 133722K, capacity 136773K, committed 137072K, reserved 1169408K
  class space    used 16564K, capacity 17751K, committed 17856K, reserved 1048576K
}
Event: 49.104 GC heap after
{Heap after GC invocations=82 (full 0):
 garbage-first heap   total 348160K, used 204800K [0x0000000080000000, 0x0000000100000000)
  region size 1024K, 12 young (12288K), 12 survivors (12288K)
 Metaspace       used 133722K, capacity 136773K, committed 137072K, reserved 1169408K
  class space    used 16564K, capacity 17751K, committed 17856K, reserved 1048576K
}
Event: 49.292 GC heap before
{Heap before GC invocations=82 (full 0):
 garbage-first heap   total 348160K, used 276480K [0x0000000080000000, 0x0000000100000000)
  region size 1024K, 82 young (83968K), 12 survivors (12288K)
 Metaspace       used 133729K, capacity 136777K, committed 137072K, reserved 1169408K
  class space    used 16564K, capacity 17751K, committed 17856K, reserved 1048576K
}
Event: 49.321 GC heap after
{Heap after GC invocations=83 (full 0):
 garbage-first heap   total 348160K, used 218112K [0x0000000080000000, 0x0000000100000000)
  region size 1024K, 11 young (11264K), 11 survivors (11264K)
 Metaspace       used 133729K, capacity 136777K, committed 137072K, reserved 1169408K
  class space    used 16564K, capacity 17751K, committed 17856K, reserved 1048576K
}
Event: 49.556 GC heap before
{Heap before GC invocations=83 (full 0):
 garbage-first heap   total 348160K, used 282624K [0x0000000080000000, 0x0000000100000000)
  region size 1024K, 74 young (75776K), 11 survivors (11264K)
 Metaspace       used 133790K, capacity 136864K, committed 137072K, reserved 1169408K
  class space    used 16574K, capacity 17759K, committed 17856K, reserved 1048576K
}
Event: 49.577 GC heap after
{Heap after GC invocations=84 (full 0):
 garbage-first heap   total 348160K, used 229888K [0x0000000080000000, 0x0000000100000000)
  region size 1024K, 10 young (10240K), 10 survivors (10240K)
 Metaspace       used 133790K, capacity 136864K, committed 137072K, reserved 1169408K
  class space    used 16574K, capacity 17759K, committed 17856K, reserved 1048576K
}
Event: 50.339 GC heap before
{Heap before GC invocations=84 (full 0):
 garbage-first heap   total 348160K, used 286208K [0x0000000080000000, 0x0000000100000000)
  region size 1024K, 65 young (66560K), 10 survivors (10240K)
 Metaspace       used 137681K, capacity 140947K, committed 141040K, reserved 1171456K
  class space    used 17197K, capacity 18449K, committed 18496K, reserved 1048576K
}
Event: 50.357 GC heap after
{Heap after GC invocations=85 (full 0):
 garbage-first heap   total 348160K, used 237056K [0x0000000080000000, 0x0000000100000000)
  region size 1024K, 6 young (6144K), 6 survivors (6144K)
 Metaspace       used 137681K, capacity 140947K, committed 141040K, reserved 1171456K
  class space    used 17197K, capacity 18449K, committed 18496K, reserved 1048576K
}
Event: 51.159 GC heap before
{Heap before GC invocations=85 (full 0):
 garbage-first heap   total 348160K, used 290304K [0x0000000080000000, 0x0000000100000000)
  region size 1024K, 58 young (59392K), 6 survivors (6144K)
 Metaspace       used 139036K, capacity 142246K, committed 142448K, reserved 1173504K
  class space    used 17268K, capacity 18533K, committed 18624K, reserved 1048576K
}
Event: 51.177 GC heap after
{Heap after GC invocations=86 (full 0):
 garbage-first heap   total 348160K, used 237885K [0x0000000080000000, 0x0000000100000000)
  region size 1024K, 2 young (2048K), 2 survivors (2048K)
 Metaspace       used 139036K, capacity 142246K, committed 142448K, reserved 1173504K
  class space    used 17268K, capacity 18533K, committed 18624K, reserved 1048576K
}

